[1] "degree done"
[1] "btwncent done"
[1] "diam done"
[1] "modularity done"
[1] "metrics all done, on to negative edges"
[1] "neg edges done, onto robustness"
[1] "robustness done, onto keystones"
[1] "keystones done"
[1] "degree done"
[1] "btwncent done"
[1] "diam done"
[1] "modularity done"
[1] "metrics all done, on to negative edges"
[1] "neg edges done, onto robustness"
[1] "robustness done, onto keystones"
[1] "keystones done"
[1] "degree done"
[1] "btwncent done"
[1] "diam done"
[1] "modularity done"
[1] "metrics all done, on to negative edges"
[1] "neg edges done, onto robustness"
[1] "robustness done, onto keystones"
[1] "keystones done"
[1] "degree done"
[1] "btwncent done"
[1] "diam done"
[1] "modularity done"
[1] "metrics all done, on to negative edges"
[1] "neg edges done, onto robustness"
[1] "robustness done, onto keystones"
