
Attaching package: ‘dplyr’

The following objects are masked from ‘package:stats’:

    filter, lag

The following objects are masked from ‘package:base’:

    intersect, setdiff, setequal, union

------------------------------------------------------------------------------
You have loaded plyr after dplyr - this is likely to cause problems.
If you need functions from both plyr and dplyr, please load plyr first, then dplyr:
library(plyr); library(dplyr)
------------------------------------------------------------------------------

Attaching package: ‘plyr’

The following objects are masked from ‘package:dplyr’:

    arrange, count, desc, failwith, id, mutate, rename, summarise,
    summarize


Attaching package: ‘igraph’

The following objects are masked from ‘package:dplyr’:

    as_data_frame, groups, union

The following objects are masked from ‘package:stats’:

    decompose, spectrum

The following object is masked from ‘package:base’:

    union


Attaching package: ‘SpiecEasi’

The following object is masked from ‘package:igraph’:

    make_graph

Loading required package: parallel
Loading required package: permute

Attaching package: ‘permute’

The following object is masked from ‘package:igraph’:

    permute

Loading required package: lattice
This is vegan 2.6-5

Attaching package: ‘vegan’

The following object is masked from ‘package:igraph’:

    diversity

Error in gzfile(file, "rb") : cannot open the connection
Calls: readRDS -> gzfile
In addition: Warning message:
In gzfile(file, "rb") :
  cannot open compressed file '/home/kaciekaj/cmaiki_lts/kaciekaj/waimeaintermediates/global/fully_filtered_p20_bact_otu_metadata_matched_up.rds', probable reason 'No such file or directory'
Execution halted
