
Attaching package: ‘dplyr’

The following objects are masked from ‘package:stats’:

    filter, lag

The following objects are masked from ‘package:base’:

    intersect, setdiff, setequal, union

------------------------------------------------------------------------------
You have loaded plyr after dplyr - this is likely to cause problems.
If you need functions from both plyr and dplyr, please load plyr first, then dplyr:
library(plyr); library(dplyr)
------------------------------------------------------------------------------

Attaching package: ‘plyr’

The following objects are masked from ‘package:dplyr’:

    arrange, count, desc, failwith, id, mutate, rename, summarise,
    summarize


Attaching package: ‘igraph’

The following objects are masked from ‘package:dplyr’:

    as_data_frame, groups, union

The following objects are masked from ‘package:stats’:

    decompose, spectrum

The following object is masked from ‘package:base’:

    union


Attaching package: ‘SpiecEasi’

The following object is masked from ‘package:igraph’:

    make_graph

Loading required package: parallel
Loading required package: permute

Attaching package: ‘permute’

The following object is masked from ‘package:igraph’:

    permute

Loading required package: lattice
This is vegan 2.6-5

Attaching package: ‘vegan’

The following object is masked from ‘package:igraph’:

    diversity

Error in netcarto(get.adjacency(x, sparse = FALSE)) : 
  could not find function "netcarto"
Calls: a_really_long_function -> lapply -> FUN
Execution halted
